<?xml version="1.0" encoding="UTF-8"?>
<!-- Generated by org.testng.reporters.JUnitXMLReporter -->
<testsuite ignored="2" hostname="DESKTOP-G8O6OG0" failures="0" tests="2" name="Exeucte Group" time="34.076" errors="0" timestamp="2025-10-21T22:12:19 IST">
  <testcase classname="com.TestNGDemos.D05AmazonAssignment" name="clickOnSell" time="10.085"/>
  <testcase classname="com.TestNGDemos.D05AmazonAssignment" name="clickOnTodaysDeals" time="4.367"/>
  <testcase classname="com.TestNGDemos.D05AmazonAssignment" name="clickOnAmazonPay" time="0.0">
    <ignored/>
  </testcase> <!-- clickOnAmazonPay -->
  <testcase classname="com.TestNGDemos.D05AmazonAssignment" name="clickOnMXPlayer" time="0.0">
    <ignored/>
  </testcase> <!-- clickOnMXPlayer -->
</testsuite> <!-- Exeucte Group -->
