<?xml version="1.0" encoding="UTF-8"?>
<!-- Generated by org.testng.reporters.JUnitXMLReporter -->
<testsuite ignored="3" hostname="DESKTOP-G8O6OG0" failures="0" tests="1" name="Execute Single Test" time="37.133" errors="0" timestamp="2025-10-21T21:31:39 IST">
  <testcase classname="com.TestNGDemos.D05AmazonAssignment" name="clickOnMXPlayer" time="12.356"/>
  <testcase classname="com.TestNGDemos.D05AmazonAssignment" name="clickOnAmazonPay" time="0.0">
    <ignored/>
  </testcase> <!-- clickOnAmazonPay -->
  <testcase classname="com.TestNGDemos.D05AmazonAssignment" name="clickOnTodaysDeals" time="0.0">
    <ignored/>
  </testcase> <!-- clickOnTodaysDeals -->
  <testcase classname="com.TestNGDemos.D05AmazonAssignment" name="clickOnSell" time="0.0">
    <ignored/>
  </testcase> <!-- clickOnSell -->
</testsuite> <!-- Execute Single Test -->
