<?xml version="1.0" encoding="UTF-8"?>
<testng-results ignored="0" total="1" passed="1" failed="0" skipped="0">
  <reporter-output>
  </reporter-output>
  <suite started-at="2025-11-03T21:53:58 IST" name="Default suite" finished-at="2025-11-03T21:54:02 IST" duration-ms="4103">
    <groups>
    </groups>
    <test started-at="2025-11-03T21:53:58 IST" name="Default test" finished-at="2025-11-03T21:54:02 IST" duration-ms="4103">
      <class name="com.MyTests.D09InvocationTimeout">
        <test-method signature="test1()[pri:0, instance:com.MyTests.D09InvocationTimeout@7b2bbc3]" started-at="2025-11-03T21:53:58 IST" name="test1" finished-at="2025-11-03T21:54:02 IST" duration-ms="4023" status="PASS">
          <reporter-output>
          </reporter-output>
        </test-method> <!-- test1 -->
      </class> <!-- com.MyTests.D09InvocationTimeout -->
    </test> <!-- Default test -->
  </suite> <!-- Default suite -->
</testng-results>
