<?xml version="1.0" encoding="UTF-8"?>
<testng-results ignored="0" total="5" passed="5" failed="0" skipped="0">
  <reporter-output>
  </reporter-output>
  <suite started-at="2025-11-03T21:30:52 IST" name="Default suite" finished-at="2025-11-03T21:31:33 IST" duration-ms="41875">
    <groups>
    </groups>
    <test started-at="2025-11-03T21:30:52 IST" name="Default test" finished-at="2025-11-03T21:31:33 IST" duration-ms="41875">
      <class name="com.TestNGDemos.D14LoginToOHRM_DDF">
        <test-method is-config="true" signature="beforeTest()[pri:0, instance:com.TestNGDemos.D14LoginToOHRM_DDF@3c9754d8]" started-at="2025-11-03T21:30:52 IST" name="beforeTest" finished-at="2025-11-03T21:30:58 IST" duration-ms="6085" status="PASS">
          <reporter-output>
          </reporter-output>
        </test-method> <!-- beforeTest -->
        <test-method signature="loginToOHRM(java.lang.String,java.lang.String)[pri:0, instance:com.TestNGDemos.D14LoginToOHRM_DDF@3c9754d8]" started-at="2025-11-03T21:30:58 IST" name="loginToOHRM" data-provider="getDetails" finished-at="2025-11-03T21:31:02 IST" duration-ms="3718" status="PASS">
          <params>
            <param index="0">
              <value>
                <![CDATA[admin]]>
              </value>
            </param>
            <param index="1">
              <value>
                <![CDATA[admin123]]>
              </value>
            </param>
          </params>
          <reporter-output>
          </reporter-output>
        </test-method> <!-- loginToOHRM -->
        <test-method is-config="true" signature="afterMethod()[pri:0, instance:com.TestNGDemos.D14LoginToOHRM_DDF@3c9754d8]" started-at="2025-11-03T21:31:02 IST" name="afterMethod" finished-at="2025-11-03T21:31:13 IST" duration-ms="11735" status="PASS">
          <reporter-output>
          </reporter-output>
        </test-method> <!-- afterMethod -->
        <test-method signature="loginToOHRM(java.lang.String,java.lang.String)[pri:0, instance:com.TestNGDemos.D14LoginToOHRM_DDF@3c9754d8]" started-at="2025-11-03T21:31:13 IST" name="loginToOHRM" data-provider="getDetails" finished-at="2025-11-03T21:31:16 IST" duration-ms="3047" status="PASS">
          <params>
            <param index="0">
              <value>
                <![CDATA[rohini]]>
              </value>
            </param>
            <param index="1">
              <value>
                <![CDATA[rohini123]]>
              </value>
            </param>
          </params>
          <reporter-output>
          </reporter-output>
        </test-method> <!-- loginToOHRM -->
        <test-method is-config="true" signature="afterMethod()[pri:0, instance:com.TestNGDemos.D14LoginToOHRM_DDF@3c9754d8]" started-at="2025-11-03T21:31:16 IST" name="afterMethod" finished-at="2025-11-03T21:31:18 IST" duration-ms="2049" status="PASS">
          <reporter-output>
          </reporter-output>
        </test-method> <!-- afterMethod -->
        <test-method signature="loginToOHRM(java.lang.String,java.lang.String)[pri:0, instance:com.TestNGDemos.D14LoginToOHRM_DDF@3c9754d8]" started-at="2025-11-03T21:31:18 IST" name="loginToOHRM" data-provider="getDetails" finished-at="2025-11-03T21:31:22 IST" duration-ms="3425" status="PASS">
          <params>
            <param index="0">
              <value>
                <![CDATA[admin]]>
              </value>
            </param>
            <param index="1">
              <value>
                <![CDATA[admin123]]>
              </value>
            </param>
          </params>
          <reporter-output>
          </reporter-output>
        </test-method> <!-- loginToOHRM -->
        <test-method is-config="true" signature="afterMethod()[pri:0, instance:com.TestNGDemos.D14LoginToOHRM_DDF@3c9754d8]" started-at="2025-11-03T21:31:22 IST" name="afterMethod" finished-at="2025-11-03T21:31:26 IST" duration-ms="4300" status="PASS">
          <reporter-output>
          </reporter-output>
        </test-method> <!-- afterMethod -->
        <test-method signature="loginToOHRM(java.lang.String,java.lang.String)[pri:0, instance:com.TestNGDemos.D14LoginToOHRM_DDF@3c9754d8]" started-at="2025-11-03T21:31:26 IST" name="loginToOHRM" data-provider="getDetails" finished-at="2025-11-03T21:31:27 IST" duration-ms="691" status="PASS">
          <params>
            <param index="0">
              <value>
                <![CDATA[kavin]]>
              </value>
            </param>
            <param index="1">
              <value>
                <![CDATA[kavin123]]>
              </value>
            </param>
          </params>
          <reporter-output>
          </reporter-output>
        </test-method> <!-- loginToOHRM -->
        <test-method is-config="true" signature="afterMethod()[pri:0, instance:com.TestNGDemos.D14LoginToOHRM_DDF@3c9754d8]" started-at="2025-11-03T21:31:27 IST" name="afterMethod" finished-at="2025-11-03T21:31:30 IST" duration-ms="2834" status="PASS">
          <reporter-output>
          </reporter-output>
        </test-method> <!-- afterMethod -->
        <test-method signature="loginToOHRM(java.lang.String,java.lang.String)[pri:0, instance:com.TestNGDemos.D14LoginToOHRM_DDF@3c9754d8]" started-at="2025-11-03T21:31:30 IST" name="loginToOHRM" data-provider="getDetails" finished-at="2025-11-03T21:31:31 IST" duration-ms="1066" status="PASS">
          <params>
            <param index="0">
              <value>
                <![CDATA[suchi]]>
              </value>
            </param>
            <param index="1">
              <value>
                <![CDATA[suchi123]]>
              </value>
            </param>
          </params>
          <reporter-output>
          </reporter-output>
        </test-method> <!-- loginToOHRM -->
        <test-method is-config="true" signature="afterMethod()[pri:0, instance:com.TestNGDemos.D14LoginToOHRM_DDF@3c9754d8]" started-at="2025-11-03T21:31:31 IST" name="afterMethod" finished-at="2025-11-03T21:31:33 IST" duration-ms="2038" status="PASS">
          <reporter-output>
          </reporter-output>
        </test-method> <!-- afterMethod -->
        <test-method is-config="true" signature="afterTest()[pri:0, instance:com.TestNGDemos.D14LoginToOHRM_DDF@3c9754d8]" started-at="2025-11-03T21:31:33 IST" name="afterTest" finished-at="2025-11-03T21:31:33 IST" duration-ms="675" status="PASS">
          <reporter-output>
          </reporter-output>
        </test-method> <!-- afterTest -->
      </class> <!-- com.TestNGDemos.D14LoginToOHRM_DDF -->
    </test> <!-- Default test -->
  </suite> <!-- Default suite -->
</testng-results>
