<?xml version="1.0" encoding="UTF-8"?>
<testng-results ignored="0" total="4" passed="4" failed="0" skipped="0">
  <reporter-output>
  </reporter-output>
  <suite started-at="2025-10-21T22:18:04 IST" name="Online Shopping Applications" finished-at="2025-10-21T22:19:05 IST" duration-ms="60695">
    <groups>
    </groups>
    <test started-at="2025-10-21T22:18:04 IST" name="Parallel Execution" finished-at="2025-10-21T22:19:05 IST" duration-ms="60695">
      <class name="com.TestNGDemos.D02TestOSApplication">
        <test-method signature="testLibas()[pri:4, instance:com.TestNGDemos.D02TestOSApplication@351d00c0]" started-at="2025-10-21T22:18:04 IST" name="testLibas" finished-at="2025-10-21T22:19:04 IST" duration-ms="59624" status="PASS">
          <reporter-output>
          </reporter-output>
        </test-method> <!-- testLibas -->
        <test-method signature="testLittleBox()[pri:3, instance:com.TestNGDemos.D02TestOSApplication@351d00c0]" started-at="2025-10-21T22:18:04 IST" name="testLittleBox" finished-at="2025-10-21T22:19:04 IST" duration-ms="60036" status="PASS">
          <reporter-output>
          </reporter-output>
        </test-method> <!-- testLittleBox -->
        <test-method signature="testFirstCry()[pri:2, instance:com.TestNGDemos.D02TestOSApplication@351d00c0]" started-at="2025-10-21T22:18:04 IST" name="testFirstCry" finished-at="2025-10-21T22:19:05 IST" duration-ms="60574" status="PASS">
          <reporter-output>
          </reporter-output>
        </test-method> <!-- testFirstCry -->
        <test-method signature="testOnyc()[pri:1, instance:com.TestNGDemos.D02TestOSApplication@351d00c0]" started-at="2025-10-21T22:18:04 IST" name="testOnyc" finished-at="2025-10-21T22:19:02 IST" duration-ms="57749" status="PASS">
          <reporter-output>
          </reporter-output>
        </test-method> <!-- testOnyc -->
      </class> <!-- com.TestNGDemos.D02TestOSApplication -->
    </test> <!-- Parallel Execution -->
  </suite> <!-- Online Shopping Applications -->
</testng-results>
