<?xml version="1.0" encoding="UTF-8"?>
<!-- Generated by org.testng.reporters.JUnitXMLReporter -->
<testsuite ignored="0" hostname="DESKTOP-G8O6OG0" failures="2" tests="8" name="Execute Multiple Classes" time="68.221" errors="0" timestamp="2025-10-21T21:44:46 IST">
  <testcase classname="com.TestNGDemos.D05AmazonAssignment" name="clickOnMXPlayer" time="5.892"/>
  <testcase classname="com.TestNGDemos.D05AmazonAssignment" name="clickOnSell" time="8.616"/>
  <testcase classname="com.TestNGDemos.D05AmazonAssignment" name="clickOnAmazonPay" time="2.684"/>
  <testcase classname="com.TestNGDemos.D05AmazonAssignment" name="clickOnTodaysDeals" time="3.107"/>
  <testcase classname="com.TestNGDemos.D06DataProviderDemo" name="loginToOHRM" time="1.528"/>
  <testcase classname="com.TestNGDemos.D06DataProviderDemo" name="loginToOHRM" time="1.494">
    <failure type="java.lang.AssertionError" message="expected [true] but found [false]">
      <![CDATA[java.lang.AssertionError: expected [true] but found [false]
at com.TestNGDemos.D06DataProviderDemo.loginToOHRM(D06DataProviderDemo.java:31)
at java.base/java.util.ArrayList.forEach(ArrayList.java:1511)
... Removed 31 stack frames]]>
    </failure>
  </testcase> <!-- loginToOHRM -->
  <testcase classname="com.TestNGDemos.D06DataProviderDemo" name="loginToOHRM" time="1.684"/>
  <testcase classname="com.TestNGDemos.D06DataProviderDemo" name="loginToOHRM" time="1.419">
    <failure type="java.lang.AssertionError" message="expected [true] but found [false]">
      <![CDATA[java.lang.AssertionError: expected [true] but found [false]
at com.TestNGDemos.D06DataProviderDemo.loginToOHRM(D06DataProviderDemo.java:31)
at java.base/java.util.ArrayList.forEach(ArrayList.java:1511)
... Removed 31 stack frames]]>
    </failure>
  </testcase> <!-- loginToOHRM -->
</testsuite> <!-- Execute Multiple Classes -->
