<?xml version="1.0" encoding="UTF-8"?>
<!-- Generated by org.testng.reporters.JUnitXMLReporter -->
<testsuite ignored="0" hostname="DESKTOP-G8O6OG0" failures="0" tests="4" name="Execute Multiple Tests" time="52.393" errors="0" timestamp="2025-10-21T21:41:29 IST">
  <testcase classname="com.TestNGDemos.D05AmazonAssignment" name="clickOnMXPlayer" time="11.559"/>
  <testcase classname="com.TestNGDemos.D05AmazonAssignment" name="clickOnSell" time="7.473"/>
  <testcase classname="com.TestNGDemos.D05AmazonAssignment" name="clickOnAmazonPay" time="2.775"/>
  <testcase classname="com.TestNGDemos.D05AmazonAssignment" name="clickOnTodaysDeals" time="3.326"/>
</testsuite> <!-- Execute Multiple Tests -->
