<?xml version="1.0" encoding="UTF-8"?>
<!-- Generated by org.testng.reporters.JUnitXMLReporter -->
<testsuite ignored="0" hostname="DESKTOP-G8O6OG0" failures="0" tests="4" name="Parallel Execution" time="60.695" errors="0" timestamp="2025-10-21T22:19:05 IST">
  <testcase classname="com.TestNGDemos.D02TestOSApplication" name="testOnyc" time="57.749"/>
  <testcase classname="com.TestNGDemos.D02TestOSApplication" name="testLibas" time="59.624"/>
  <testcase classname="com.TestNGDemos.D02TestOSApplication" name="testLittleBox" time="60.036"/>
  <testcase classname="com.TestNGDemos.D02TestOSApplication" name="testFirstCry" time="60.574"/>
</testsuite> <!-- Parallel Execution -->
