<?xml version="1.0" encoding="UTF-8"?>
<!-- Generated by org.testng.reporters.JUnitXMLReporter -->
<testsuite ignored="0" hostname="DESKTOP-G8O6OG0" failures="2" tests="21" name="Execute Package" time="219.659" errors="0" timestamp="2025-10-21T21:53:21 IST">
  <testcase classname="com.TestNGDemos.D01FirstTest" name="testJquery" time="6.541"/>
  <testcase classname="com.TestNGDemos.D02TestOSApplication" name="testOnyc" time="38.552"/>
  <testcase classname="com.TestNGDemos.D02TestOSApplication" name="testFirstCry" time="10.526"/>
  <testcase classname="com.TestNGDemos.D02TestOSApplication" name="testLittleBox" time="14.029"/>
  <testcase classname="com.TestNGDemos.D02TestOSApplication" name="testLibas" time="11.826"/>
  <testcase classname="com.TestNGDemos.D03Before_AfterTest" name="testOnyc" time="8.255"/>
  <testcase classname="com.TestNGDemos.D03Before_AfterTest" name="testFirstCry" time="6.21"/>
  <testcase classname="com.TestNGDemos.D03Before_AfterTest" name="testLittleBox" time="8.782"/>
  <testcase classname="com.TestNGDemos.D03Before_AfterTest" name="testLibas" time="7.971"/>
  <testcase classname="com.TestNGDemos.D04Before_After_Method" name="testOnyc" time="13.089"/>
  <testcase classname="com.TestNGDemos.D04Before_After_Method" name="testFirstCry" time="5.536"/>
  <testcase classname="com.TestNGDemos.D04Before_After_Method" name="testLittleBox" time="8.447"/>
  <testcase classname="com.TestNGDemos.D04Before_After_Method" name="testLibas" time="9.009"/>
  <testcase classname="com.TestNGDemos.D05AmazonAssignment" name="clickOnMXPlayer" time="5.644"/>
  <testcase classname="com.TestNGDemos.D05AmazonAssignment" name="clickOnSell" time="7.101"/>
  <testcase classname="com.TestNGDemos.D05AmazonAssignment" name="clickOnAmazonPay" time="2.604"/>
  <testcase classname="com.TestNGDemos.D05AmazonAssignment" name="clickOnTodaysDeals" time="3.658"/>
  <testcase classname="com.TestNGDemos.D06DataProviderDemo" name="loginToOHRM" time="2.105"/>
  <testcase classname="com.TestNGDemos.D06DataProviderDemo" name="loginToOHRM" time="1.345">
    <failure type="java.lang.AssertionError" message="expected [true] but found [false]">
      <![CDATA[java.lang.AssertionError: expected [true] but found [false]
at com.TestNGDemos.D06DataProviderDemo.loginToOHRM(D06DataProviderDemo.java:31)
at java.base/java.util.ArrayList.forEach(ArrayList.java:1511)
... Removed 31 stack frames]]>
    </failure>
  </testcase> <!-- loginToOHRM -->
  <testcase classname="com.TestNGDemos.D06DataProviderDemo" name="loginToOHRM" time="1.775"/>
  <testcase classname="com.TestNGDemos.D06DataProviderDemo" name="loginToOHRM" time="1.39">
    <failure type="java.lang.AssertionError" message="expected [true] but found [false]">
      <![CDATA[java.lang.AssertionError: expected [true] but found [false]
at com.TestNGDemos.D06DataProviderDemo.loginToOHRM(D06DataProviderDemo.java:31)
at java.base/java.util.ArrayList.forEach(ArrayList.java:1511)
... Removed 31 stack frames]]>
    </failure>
  </testcase> <!-- loginToOHRM -->
</testsuite> <!-- Execute Package -->
