<?xml version="1.0" encoding="UTF-8"?>
<!-- Generated by org.testng.reporters.JUnitXMLReporter -->
<testsuite ignored="1" hostname="DESKTOP-G8O6OG0" failures="0" tests="3" name="Default test" time="46.768" errors="0" timestamp="2025-10-21T21:18:58 IST">
  <testcase classname="com.TestNGDemos.D05AmazonAssignment" name="clickOnMXPlayer" time="11.33"/>
  <testcase classname="com.TestNGDemos.D05AmazonAssignment" name="clickSell" time="7.588"/>
  <testcase classname="com.TestNGDemos.D05AmazonAssignment" name="clickOnTodaysDeals" time="3.795"/>
  <testcase classname="com.TestNGDemos.D05AmazonAssignment" name="clickAmazonPay" time="0.0">
    <ignored/>
  </testcase> <!-- clickAmazonPay -->
</testsuite> <!-- Default test -->
