<?xml version="1.0" encoding="UTF-8"?>
<!-- Generated by org.testng.reporters.JUnitXMLReporter -->
<testsuite ignored="0" hostname="DESKTOP-G8O6OG0" failures="0" tests="4" name="Default test" time="0.18" errors="0" timestamp="2025-10-16T22:19:23 IST">
  <testcase classname="com.TestNGDemos.D06DataProviderDemo" name="f" time="0.013"/>
  <testcase classname="com.TestNGDemos.D06DataProviderDemo" name="f" time="0.002"/>
  <testcase classname="com.TestNGDemos.D06DataProviderDemo" name="f" time="0.002"/>
  <testcase classname="com.TestNGDemos.D06DataProviderDemo" name="f" time="0.003"/>
</testsuite> <!-- Default test -->
